CRITICAL - 2023-04-14 19:19:44 --> Use of undefined constant inicio - assumed 'inicio' (this will throw an Error in a future version of PHP)
in APPPATH\Controllers\Home.php on line 9.
 1 APPPATH\Controllers\Home.php(9): CodeIgniter\Debug\Exceptions->errorHandler(2, 'Use of undefined constant inicio - assumed \'inicio\' (this will throw an Error in a future version of PHP)', 'C:\\xampp\\htdocs\\proyecto_jjg\\app\\Controllers\\Home.php', 9, [])
 2 SYSTEMPATH\CodeIgniter.php(934): App\Controllers\Home->index()
 3 SYSTEMPATH\CodeIgniter.php(499): CodeIgniter\CodeIgniter->runController(Object(App\Controllers\Home))
 4 SYSTEMPATH\CodeIgniter.php(368): CodeIgniter\CodeIgniter->handleRequest(null, Object(Config\Cache), false)
 5 FCPATH\index.php(67): CodeIgniter\CodeIgniter->run()
CRITICAL - 2023-04-14 19:20:57 --> Use of undefined constant inicio - assumed 'inicio' (this will throw an Error in a future version of PHP)
in APPPATH\Controllers\Home.php on line 9.
 1 APPPATH\Controllers\Home.php(9): CodeIgniter\Debug\Exceptions->errorHandler(2, 'Use of undefined constant inicio - assumed \'inicio\' (this will throw an Error in a future version of PHP)', 'C:\\xampp\\htdocs\\proyecto_jjg\\app\\Controllers\\Home.php', 9, [])
 2 SYSTEMPATH\CodeIgniter.php(934): App\Controllers\Home->index()
 3 SYSTEMPATH\CodeIgniter.php(499): CodeIgniter\CodeIgniter->runController(Object(App\Controllers\Home))
 4 SYSTEMPATH\CodeIgniter.php(368): CodeIgniter\CodeIgniter->handleRequest(null, Object(Config\Cache), false)
 5 FCPATH\index.php(67): CodeIgniter\CodeIgniter->run()
CRITICAL - 2023-04-14 19:20:59 --> Use of undefined constant inicio - assumed 'inicio' (this will throw an Error in a future version of PHP)
in APPPATH\Controllers\Home.php on line 9.
 1 APPPATH\Controllers\Home.php(9): CodeIgniter\Debug\Exceptions->errorHandler(2, 'Use of undefined constant inicio - assumed \'inicio\' (this will throw an Error in a future version of PHP)', 'C:\\xampp\\htdocs\\proyecto_jjg\\app\\Controllers\\Home.php', 9, [])
 2 SYSTEMPATH\CodeIgniter.php(934): App\Controllers\Home->index()
 3 SYSTEMPATH\CodeIgniter.php(499): CodeIgniter\CodeIgniter->runController(Object(App\Controllers\Home))
 4 SYSTEMPATH\CodeIgniter.php(368): CodeIgniter\CodeIgniter->handleRequest(null, Object(Config\Cache), false)
 5 FCPATH\index.php(67): CodeIgniter\CodeIgniter->run()
CRITICAL - 2023-04-14 19:21:16 --> Use of undefined constant inicio - assumed 'inicio' (this will throw an Error in a future version of PHP)
in APPPATH\Controllers\Home.php on line 9.
 1 APPPATH\Controllers\Home.php(9): CodeIgniter\Debug\Exceptions->errorHandler(2, 'Use of undefined constant inicio - assumed \'inicio\' (this will throw an Error in a future version of PHP)', 'C:\\xampp\\htdocs\\proyecto_jjg\\app\\Controllers\\Home.php', 9, [])
 2 SYSTEMPATH\CodeIgniter.php(934): App\Controllers\Home->index()
 3 SYSTEMPATH\CodeIgniter.php(499): CodeIgniter\CodeIgniter->runController(Object(App\Controllers\Home))
 4 SYSTEMPATH\CodeIgniter.php(368): CodeIgniter\CodeIgniter->handleRequest(null, Object(Config\Cache), false)
 5 FCPATH\index.php(67): CodeIgniter\CodeIgniter->run()
CRITICAL - 2023-04-14 19:21:36 --> Use of undefined constant inicio - assumed 'inicio' (this will throw an Error in a future version of PHP)
in APPPATH\Controllers\Home.php on line 9.
 1 APPPATH\Controllers\Home.php(9): CodeIgniter\Debug\Exceptions->errorHandler(2, 'Use of undefined constant inicio - assumed \'inicio\' (this will throw an Error in a future version of PHP)', 'C:\\xampp\\htdocs\\proyecto_jjg\\app\\Controllers\\Home.php', 9, [])
 2 SYSTEMPATH\CodeIgniter.php(934): App\Controllers\Home->index()
 3 SYSTEMPATH\CodeIgniter.php(499): CodeIgniter\CodeIgniter->runController(Object(App\Controllers\Home))
 4 SYSTEMPATH\CodeIgniter.php(368): CodeIgniter\CodeIgniter->handleRequest(null, Object(Config\Cache), false)
 5 FCPATH\index.php(67): CodeIgniter\CodeIgniter->run()
